  WindowsProject1.cpp
C:\Users\B-ZONE\Desktop\Инженерная_и_компьютерная_графика\lab\Engineer_and_computer_graphy\lab_1\WindowsProject1\header.hpp(58,56): warning C4244: аргумент: преобразование "_Ty" в "int", возможна потеря данных
          with
          [
              _Ty=float
          ]
C:\Users\B-ZONE\Desktop\Инженерная_и_компьютерная_графика\lab\Engineer_and_computer_graphy\lab_1\WindowsProject1\header.hpp(58,36): warning C4244: аргумент: преобразование "_Ty" в "int", возможна потеря данных
          with
          [
              _Ty=float
          ]
C:\Users\B-ZONE\Desktop\Инженерная_и_компьютерная_графика\lab\Engineer_and_computer_graphy\lab_1\WindowsProject1\header.hpp(61,53): warning C4244: аргумент: преобразование "_Ty" в "int", возможна потеря данных
          with
          [
              _Ty=float
          ]
C:\Users\B-ZONE\Desktop\Инженерная_и_компьютерная_графика\lab\Engineer_and_computer_graphy\lab_1\WindowsProject1\header.hpp(61,33): warning C4244: аргумент: преобразование "_Ty" в "int", возможна потеря данных
          with
          [
              _Ty=float
          ]
C:\Users\B-ZONE\Desktop\Инженерная_и_компьютерная_графика\lab\Engineer_and_computer_graphy\lab_1\WindowsProject1\header.hpp(74,46): warning C4244: =: преобразование "int" в "_Ty", возможна потеря данных
          with
          [
              _Ty=float
          ]
C:\Users\B-ZONE\Desktop\Инженерная_и_компьютерная_графика\lab\Engineer_and_computer_graphy\lab_1\WindowsProject1\header.hpp(75,46): warning C4244: =: преобразование "int" в "_Ty", возможна потеря данных
          with
          [
              _Ty=float
          ]
  WindowsProject1.vcxproj -> C:\Users\B-ZONE\Desktop\Инженерная_и_компьютерная_графика\lab\Engineer_and_computer_graphy\lab_1\WindowsProject1\x64\Debug\WindowsProject1.exe
